2023-09-07 20:53:33,991 [main] INFO  Starting MybusinessApplication using Java 11.0.5 on MSI with PID 6968 (C:\Users\rzeka\Desktop\mybusiness\mybusiness\target\classes started by rzeka in C:\Users\rzeka\Desktop\mybusiness\mybusiness)
2023-09-07 20:53:33,991 [background-preinit] INFO  HV000001: Hibernate Validator 6.2.5.Final
2023-09-07 20:53:33,994 [main] INFO  No active profile set, falling back to 1 default profile: "default"
2023-09-07 20:53:34,724 [main] INFO  Tomcat initialized with port(s): 8080 (http)
2023-09-07 20:53:34,734 [main] INFO  Initializing ProtocolHandler ["http-nio-8080"]
2023-09-07 20:53:34,735 [main] INFO  Starting service [Tomcat]
2023-09-07 20:53:34,735 [main] INFO  Starting Servlet engine: [Apache Tomcat/9.0.75]
2023-09-07 20:53:34,825 [main] INFO  Initializing Spring embedded WebApplicationContext
2023-09-07 20:53:34,825 [main] INFO  Root WebApplicationContext: initialization completed in 803 ms
2023-09-07 20:53:35,123 [main] INFO  Starting ProtocolHandler ["http-nio-8080"]
2023-09-07 20:53:35,136 [main] INFO  Tomcat started on port(s): 8080 (http) with context path ''
2023-09-07 20:53:35,143 [main] INFO  Started MybusinessApplication in 1.464 seconds (JVM running for 2.179)
2023-09-07 20:53:43,716 [http-nio-8080-exec-2] INFO  Initializing Spring DispatcherServlet 'dispatcherServlet'
2023-09-07 20:53:43,716 [http-nio-8080-exec-2] INFO  Initializing Servlet 'dispatcherServlet'
2023-09-07 20:53:43,717 [http-nio-8080-exec-2] INFO  Completed initialization in 1 ms
2023-09-07 20:53:43,737 [http-nio-8080-exec-2] INFO  メソッド処理開始
2023-09-07 20:53:43,738 [http-nio-8080-exec-2] INFO  実行中メソッド情報：String com.example.mybusiness.controller.BirthdayInfoController.index()
2023-09-07 20:53:43,744 [http-nio-8080-exec-2] INFO  メソッド処理終了
2023-09-07 20:54:33,712 [http-nio-8080-exec-3] INFO  メソッド処理開始
2023-09-07 20:54:33,712 [http-nio-8080-exec-3] INFO  実行中メソッド情報：String com.example.mybusiness.controller.BirthdayInfoController.getRelatedInfo(BirthdayInfoForm,BindingResult,BirthdayInfoResponse,Model)
2023-09-07 20:54:33,712 [http-nio-8080-exec-3] INFO  calculateRelatedInfoメソッドを実行中
2023-09-07 20:54:33,713 [http-nio-8080-exec-3] INFO  200 OK
2023-09-07 20:54:33,714 [http-nio-8080-exec-3] INFO  メソッド処理終了
2023-09-07 20:54:47,084 [http-nio-8080-exec-6] INFO  メソッド処理開始
2023-09-07 20:54:47,084 [http-nio-8080-exec-6] INFO  実行中メソッド情報：String com.example.mybusiness.controller.BirthdayInfoController.index()
2023-09-07 20:54:47,084 [http-nio-8080-exec-6] INFO  メソッド処理終了
2023-09-07 20:55:04,382 [http-nio-8080-exec-7] INFO  メソッド処理開始
2023-09-07 20:55:04,382 [http-nio-8080-exec-7] INFO  実行中メソッド情報：String com.example.mybusiness.controller.BirthdayInfoController.getRelatedInfo(BirthdayInfoForm,BindingResult,BirthdayInfoResponse,Model)
2023-09-07 20:55:04,382 [http-nio-8080-exec-7] INFO  calculateRelatedInfoメソッドを実行中
2023-09-07 20:55:04,382 [http-nio-8080-exec-7] INFO  200 OK
2023-09-07 20:55:04,382 [http-nio-8080-exec-7] INFO  メソッド処理終了
2023-09-07 20:55:18,502 [http-nio-8080-exec-8] INFO  メソッド処理開始
2023-09-07 20:55:18,502 [http-nio-8080-exec-8] INFO  実行中メソッド情報：String com.example.mybusiness.controller.BirthdayInfoController.index()
2023-09-07 20:55:18,502 [http-nio-8080-exec-8] INFO  メソッド処理終了
2023-09-07 20:55:41,608 [http-nio-8080-exec-10] ERROR 405 Method Not Allowed
2023-09-07 20:56:01,705 [http-nio-8080-exec-1] INFO  メソッド処理開始
2023-09-07 20:56:01,705 [http-nio-8080-exec-1] INFO  実行中メソッド情報：String com.example.mybusiness.controller.BirthdayInfoController.getRelatedInfo(BirthdayInfoForm,BindingResult,BirthdayInfoResponse,Model)
2023-09-07 20:56:01,705 [http-nio-8080-exec-1] INFO  calculateRelatedInfoメソッドを実行中
2023-09-07 20:56:01,705 [http-nio-8080-exec-1] ERROR フィールド: day メッセージ: 数値1以上の数値である必要があります。
2023-09-07 20:56:01,708 [http-nio-8080-exec-1] ERROR フィールド: month メッセージ: 数値のみ許可されています。
2023-09-07 20:56:01,708 [http-nio-8080-exec-1] ERROR フィールド: year メッセージ: 数値のみ許可されています。
2023-09-07 20:56:01,708 [http-nio-8080-exec-1] ERROR フィールド: month メッセージ: 数値1以上の数値である必要があります。
2023-09-07 20:56:01,708 [http-nio-8080-exec-1] ERROR フィールド: day メッセージ: 数値のみ許可されています。
2023-09-07 20:56:01,708 [http-nio-8080-exec-1] ERROR フィールド: year メッセージ: 数値1919以上の数値である必要があります。
2023-09-07 20:56:01,708 [http-nio-8080-exec-1] INFO  メソッド処理終了
2023-09-07 20:56:01,710 [http-nio-8080-exec-1] ERROR 422 Unprocessable Entity
2023-09-07 20:56:44,822 [http-nio-8080-exec-4] INFO  メソッド処理開始
2023-09-07 20:56:44,822 [http-nio-8080-exec-4] INFO  実行中メソッド情報：String com.example.mybusiness.controller.BirthdayInfoController.getRelatedInfo(BirthdayInfoForm,BindingResult,BirthdayInfoResponse,Model)
2023-09-07 20:56:44,822 [http-nio-8080-exec-4] INFO  calculateRelatedInfoメソッドを実行中
2023-09-07 20:56:44,822 [http-nio-8080-exec-4] INFO  200 OK
2023-09-07 20:56:44,822 [http-nio-8080-exec-4] INFO  メソッド処理終了
2023-09-07 20:56:48,015 [http-nio-8080-exec-5] INFO  メソッド処理開始
2023-09-07 20:56:48,016 [http-nio-8080-exec-5] INFO  実行中メソッド情報：String com.example.mybusiness.controller.BirthdayInfoController.index()
2023-09-07 20:56:48,016 [http-nio-8080-exec-5] INFO  メソッド処理終了
2023-09-07 20:56:57,948 [http-nio-8080-exec-7] INFO  メソッド処理開始
2023-09-07 20:56:57,948 [http-nio-8080-exec-7] INFO  実行中メソッド情報：String com.example.mybusiness.controller.BirthdayInfoController.getRelatedInfo(BirthdayInfoForm,BindingResult,BirthdayInfoResponse,Model)
2023-09-07 20:56:57,948 [http-nio-8080-exec-7] INFO  calculateRelatedInfoメソッドを実行中
2023-09-07 20:56:57,948 [http-nio-8080-exec-7] INFO  200 OK
2023-09-07 20:56:57,948 [http-nio-8080-exec-7] INFO  メソッド処理終了
2023-09-07 20:57:15,837 [http-nio-8080-exec-10] INFO  メソッド処理開始
2023-09-07 20:57:15,837 [http-nio-8080-exec-10] INFO  実行中メソッド情報：String com.example.mybusiness.controller.BirthdayInfoController.index()
2023-09-07 20:57:15,837 [http-nio-8080-exec-10] INFO  メソッド処理終了
2023-09-07 20:57:20,965 [RMI TCP Connection(5)-127.0.0.1] INFO  Application shutdown requested.
2023-09-07 20:57:21,117 [RMI TCP Connection(5)-127.0.0.1] INFO  Pausing ProtocolHandler ["http-nio-8080"]
2023-09-07 20:57:21,118 [RMI TCP Connection(5)-127.0.0.1] INFO  Stopping service [Tomcat]
2023-09-07 20:57:21,123 [RMI TCP Connection(5)-127.0.0.1] INFO  Destroying Spring FrameworkServlet 'dispatcherServlet'
2023-09-07 20:57:21,128 [RMI TCP Connection(5)-127.0.0.1] INFO  Stopping ProtocolHandler ["http-nio-8080"]
2023-09-07 20:57:21,130 [RMI TCP Connection(5)-127.0.0.1] INFO  Destroying ProtocolHandler ["http-nio-8080"]
